Arguments: 
  /usr/local/bin/node /usr/local/bin/yarn add @most/dom-event @most/scheuduler

PATH: 
  /Users/thorn/Downloads/google-cloud-sdk/bin:/usr/local/bin:/usr/bin:/bin:/usr/sbin:/sbin:/opt/X11/bin:/usr/local/go/bin

Yarn version: 
  1.21.1

Node version: 
  13.6.0

Platform: 
  darwin x64

Trace: 
  Error: https://registry.npmjs.org/@most%2fscheuduler: Not found
      at Request.params.callback [as _callback] (/usr/local/lib/node_modules/yarn/lib/cli.js:66947:18)
      at Request.self.callback (/usr/local/lib/node_modules/yarn/lib/cli.js:140665:22)
      at Request.emit (events.js:321:20)
      at Request.<anonymous> (/usr/local/lib/node_modules/yarn/lib/cli.js:141637:10)
      at Request.emit (events.js:321:20)
      at IncomingMessage.<anonymous> (/usr/local/lib/node_modules/yarn/lib/cli.js:141559:12)
      at Object.onceWrapper (events.js:427:28)
      at IncomingMessage.emit (events.js:333:22)
      at endReadableNT (_stream_readable.js:1220:12)
      at processTicksAndRejections (internal/process/task_queues.js:84:21)

npm manifest: 
  {
    "name": "@topl/most-signature-capture",
    "version": "1.0.0",
    "main": "dist/cjs/most-signature-capture.js",
    "module": "dist/esm/most-signature-capture.js",
    "browser": "dist/iife/most-signature-capture.js",
    "typings": "dist/most-signature-capture.d.ts",
    "license": "MIT",
    "scripts": {
      "test": "stable",
      "build": "rollup -c rollup.config.js",
      "prepublishOnly": "yarn test && yarn build && mv dist/cjs/most-signature-capture.d.ts* dist && rm dist/*/most-signature-capture.d.ts*"
    },
    "devDependencies": {
      "prettier": "^1.18.2",
      "rollup": "^1.29.0",
      "typescript": "^3.7.0"
    },
    "nyc": {
      "instrument": false
    },
    "prettier": {
      "proseWrap": "never",
      "singleQuote": false,
      "trailingComma": "all"
    },
    "dependencies": {
      "@most/core": "^1.5.0"
    }
  }

yarn manifest: 
  No manifest

Lockfile: 
  # THIS IS AN AUTOGENERATED FILE. DO NOT EDIT THIS FILE DIRECTLY.
  # yarn lockfile v1
  
  
  "@most/core@^1.5.0":
    version "1.5.0"
    resolved "https://registry.npmjs.org/@most/core/-/core-1.5.0.tgz#b36b3620724e37ac3552659c1d71948958beb345"
    integrity sha512-cI8KTkjaipRVQvf4vrwhqNtY7cTzF9YaI85TU6mHEgjRMeTSS9qgBv6z6wXUePgnbwf11uVgSERZ8PZRDPE2HA==
    dependencies:
      "@most/disposable" "^1.2.2"
      "@most/prelude" "^1.7.3"
      "@most/scheduler" "^1.2.3"
      "@most/types" "^1.0.2"
  
  "@most/disposable@^1.2.2":
    version "1.2.2"
    resolved "https://registry.npmjs.org/@most/disposable/-/disposable-1.2.2.tgz#1f9dfcc1b9d73165436eee34ddedc2e70d7be695"
    integrity sha512-05u3obo0sDuh1PGw1BS6VEhgJTLkPMyGHOAvSJMSk2tArgBvhMvjayl8fU4DEKO7r+3aTg7F9Stnr1T61578yQ==
    dependencies:
      "@most/prelude" "^1.7.3"
      "@most/types" "^1.0.2"
  
  "@most/prelude@^1.7.3":
    version "1.7.3"
    resolved "https://registry.npmjs.org/@most/prelude/-/prelude-1.7.3.tgz#51db3f3ba3ed65431b6eea89ecb0a31826af640c"
    integrity sha512-qWWEnA22UP1lzFfKx75XMut6DUUXGRKe7qv2k+Bgs7ju8lwb5RjsZYyQZ+VcsYvHcIavHKzseLlBMLOe2CvUZw==
  
  "@most/scheduler@^1.2.3":
    version "1.2.3"
    resolved "https://registry.npmjs.org/@most/scheduler/-/scheduler-1.2.3.tgz#7cb97904a23bbfcb2664c60ea4fe047d7b5572f7"
    integrity sha512-OpykYNwUIe7/InAs0ftSIkQULJajM6ghmYDeJ0yv9xcLmi5NyAtOOyUdIxlfqi7xHWRiD2iQuuJXHGyqFsKCsw==
    dependencies:
      "@most/prelude" "^1.7.3"
      "@most/types" "^1.0.2"
  
  "@most/types@^1.0.2":
    version "1.0.2"
    resolved "https://registry.npmjs.org/@most/types/-/types-1.0.2.tgz#a272c919a3dafe942bd02d63402f0548593af870"
    integrity sha512-ZVkDwaiuGVTXywADeJ3aUBsD41UURldIljlsSTMdiWfhVEOY7dsY8iq+9wFUjRZYjhnpn9tLiOHaqyjbxm1prg==
  
  "@types/estree@*":
    version "0.0.42"
    resolved "https://registry.npmjs.org/@types/estree/-/estree-0.0.42.tgz#8d0c1f480339efedb3e46070e22dd63e0430dd11"
    integrity sha512-K1DPVvnBCPxzD+G51/cxVIoc2X8uUVl1zpJeE6iKcgHMj4+tbat5Xu4TjV7v2QSDbIeAfLi2hIk+u2+s0MlpUQ==
  
  "@types/node@*":
    version "13.5.1"
    resolved "https://registry.npmjs.org/@types/node/-/node-13.5.1.tgz#6fae50892d1841f4b38b298e2f78fb68c5960cb9"
    integrity sha512-Jj2W7VWQ2uM83f8Ls5ON9adxN98MvyJsMSASYFuSvrov8RMRY64Ayay7KV35ph1TSGIJ2gG9ZVDdEq3c3zaydA==
  
  acorn@^7.1.0:
    version "7.1.0"
    resolved "https://registry.npmjs.org/acorn/-/acorn-7.1.0.tgz#949d36f2c292535da602283586c2477c57eb2d6c"
    integrity sha512-kL5CuoXA/dgxlBbVrflsflzQ3PAas7RYZB52NOm/6839iVYJgKMJ3cQJD+t2i5+qFa8h3MDpEOJiS64E8JLnSQ==
  
  prettier@^1.18.2:
    version "1.19.1"
    resolved "https://registry.npmjs.org/prettier/-/prettier-1.19.1.tgz#f7d7f5ff8a9cd872a7be4ca142095956a60797cb"
    integrity sha512-s7PoyDv/II1ObgQunCbB9PdLmUcBZcnWOcxDh7O0N/UwDEsHyqkW+Qh28jW+mVuCdx7gLB0BotYI1Y6uI9iyew==
  
  rollup@^1.29.0:
    version "1.30.1"
    resolved "https://registry.npmjs.org/rollup/-/rollup-1.30.1.tgz#3fd28d6198beb2f3cd1640732047d5ec16c2d3a0"
    integrity sha512-Uus8mwQXwaO+ZVoNwBcXKhT0AvycFCBW/W8VZtkpVGsotRllWk9oldfCjqWmTnFRI0y7x6BnEqSqc65N+/YdBw==
    dependencies:
      "@types/estree" "*"
      "@types/node" "*"
      acorn "^7.1.0"
  
  typescript@^3.7.0:
    version "3.7.5"
    resolved "https://registry.npmjs.org/typescript/-/typescript-3.7.5.tgz#0692e21f65fd4108b9330238aac11dd2e177a1ae"
    integrity sha512-/P5lkRXkWHNAbcJIiHPfRoKqyd7bsyCma1hZNUGfn20qm64T6ZBlrzprymeu918H+mB/0rIg2gGK/BXkhhYgBw==
